Vivado Simulator v2022.2
Copyright 1986-1999, 2001-2022 Xilinx, Inc. All Rights Reserved.
Running: C:/Vivado/2022.2/bin/unwrapped/win64.o/xelab.exe --incr --debug typical --relax --mt 2 -L xil_defaultlib -L secureip --snapshot PID_func_synth xil_defaultlib.PID -log elaborate.log 
Using 2 slave threads.
Starting static elaboration
Completed static elaboration
Starting simulation data flow analysis
Completed simulation data flow analysis
Time Resolution for simulation is 1ps
Compiling package std.standard
Compiling package std.textio
Compiling package ieee.std_logic_1164
Compiling package ieee.numeric_std
Compiling package unisim.vcomponents
Compiling package ieee.vital_timing
Compiling package ieee.vital_primitives
Compiling package unisim.vpkg
Compiling package ieee.std_logic_arith
Compiling package ieee.std_logic_signed
Compiling architecture ibuf_v of entity unisim.IBUF [\IBUF(1,4)(1,9)(1,1)(1,4)(1,7)\]
Compiling architecture lut6_v of entity unisim.LUT6 [\LUT6(init="10001000100010001000...]
Compiling architecture lut6_v of entity unisim.LUT6 [\LUT6(init="00000000000000000000...]
Compiling architecture lut6_v of entity unisim.LUT6 [\LUT6(init="11110001000000001111...]
Compiling architecture lut5_v of entity unisim.LUT5 [\LUT5(init="10111010101110111011...]
Compiling architecture lut6_v of entity unisim.LUT6 [\LUT6(init="00000000000000000000...]
Compiling architecture lut5_v of entity unisim.LUT5 [\LUT5(init="11011101110111111101...]
Compiling architecture lut4_v of entity unisim.LUT4 [\LUT4(init="1111111100010000")(0...]
Compiling architecture lut5_v of entity unisim.LUT5 [\LUT5(init="10101010101010101111...]
Compiling architecture lut6_v of entity unisim.LUT6 [\LUT6(init="11111111111111111111...]
Compiling architecture lut2_v of entity unisim.LUT2 [\LUT2(init="0001")(0,3)\]
Compiling architecture lut6_v of entity unisim.LUT6 [\LUT6(init="00000000000000000000...]
Compiling architecture lut6_v of entity unisim.LUT6 [\LUT6(init="11011101110111011101...]
Compiling architecture lut6_v of entity unisim.LUT6 [\LUT6(init="00000000000000000000...]
Compiling architecture lut2_v of entity unisim.LUT2 [\LUT2(init="1110")(0,3)\]
Compiling architecture lut5_v of entity unisim.LUT5 [\LUT5(init="11111111111111111110...]
Compiling architecture lut5_v of entity unisim.LUT5 [\LUT5(init="11111111111111111111...]
Compiling architecture lut6_v of entity unisim.LUT6 [\LUT6(init="11111111111111111111...]
Compiling architecture lut4_v of entity unisim.LUT4 [\LUT4(init="0000000000000001")(0...]
Compiling architecture lut6_v of entity unisim.LUT6 [\LUT6(init="00010001000100000001...]
Compiling architecture lut2_v of entity unisim.LUT2 [\LUT2(init="0010")(0,3)\]
Compiling architecture lut6_v of entity unisim.LUT6 [\LUT6(init="00000000000000000000...]
Compiling architecture lut6_v of entity unisim.LUT6 [\LUT6(init="11111111111111111111...]
Compiling architecture lut6_v of entity unisim.LUT6 [\LUT6(init="11101110111111101110...]
Compiling architecture lut6_v of entity unisim.LUT6 [\LUT6(init="00100010001011100010...]
Compiling architecture lut6_v of entity unisim.LUT6 [\LUT6(init="01110111011101110111...]
Compiling architecture lut6_v of entity unisim.LUT6 [\LUT6(init="11011101110111010010...]
Compiling architecture lut6_v of entity unisim.LUT6 [\LUT6(init="10101010101010101010...]
Compiling architecture lut6_v of entity unisim.LUT6 [\LUT6(init="11101010111010101110...]
Compiling architecture lut6_v of entity unisim.LUT6 [\LUT6(init="00000000101010101010...]
Compiling architecture lut3_v of entity unisim.LUT3 [\LUT3(init="00001000")(0,7)\]
Compiling architecture lut5_v of entity unisim.LUT5 [\LUT5(init="10111011101110001000...]
Compiling architecture lut6_v of entity unisim.LUT6 [\LUT6(init="10001000011110001011...]
Compiling architecture lut6_v of entity unisim.LUT6 [\LUT6(init="00001000110010000000...]
Compiling architecture lut6_v of entity unisim.LUT6 [\LUT6(init="00000000000000001000...]
Compiling architecture lut2_v of entity unisim.LUT2 [\LUT2(init="1000")(0,3)\]
Compiling architecture lut1_v of entity unisim.LUT1 [\LUT1(init="0001")(0,3)\]
Compiling architecture lut2_v of entity unisim.LUT2 [\LUT2(init="0111")(0,3)\]
Compiling architecture lut4_v of entity unisim.LUT4 [\LUT4(init="0011000000000010")(0...]
Compiling architecture carry4_v of entity unisim.CARRY4 [carry4_default]
Compiling architecture lut6_v of entity unisim.LUT6 [\LUT6(init="11101110111010101010...]
Compiling architecture lut5_v of entity unisim.LUT5 [\LUT5(init="00001100000010100000...]
Compiling architecture lut6_v of entity unisim.LUT6 [\LUT6(init="11111111111111111111...]
Compiling architecture lut5_v of entity unisim.LUT5 [\LUT5(init="01010001010000000100...]
Compiling architecture lut6_v of entity unisim.LUT6 [\LUT6(init="11111111111111111111...]
Compiling architecture lut2_v of entity unisim.LUT2 [\LUT2(init="0110")(0,3)\]
Compiling architecture lut2_v of entity unisim.LUT2 [\LUT2(init="1001")(0,3)\]
Compiling architecture lut4_v of entity unisim.LUT4 [\LUT4(init="1111101100001000")(0...]
Compiling architecture lut6_v of entity unisim.LUT6 [\LUT6(init="11011101000011011101...]
Compiling architecture lut3_v of entity unisim.LUT3 [\LUT3(init="10111000")(0,7)\]
Compiling architecture lut6_v of entity unisim.LUT6 [\LUT6(init="00111111001100000001...]
Compiling architecture lut6_v of entity unisim.LUT6 [\LUT6(init="10100000101011110011...]
Compiling architecture lut6_v of entity unisim.LUT6 [\LUT6(init="00000000000000000000...]
Compiling architecture lut6_v of entity unisim.LUT6 [\LUT6(init="10101000000000001010...]
Compiling architecture lut5_v of entity unisim.LUT5 [\LUT5(init="11111111111111111010...]
Compiling architecture lut4_v of entity unisim.LUT4 [\LUT4(init="0000000010100010")(0...]
Compiling architecture lut6_v of entity unisim.LUT6 [\LUT6(init="10111000101110111011...]
Compiling architecture lut5_v of entity unisim.LUT5 [\LUT5(init="11111111111100111111...]
Compiling architecture lut6_v of entity unisim.LUT6 [\LUT6(init="11111010111110100000...]
Compiling architecture lut6_v of entity unisim.LUT6 [\LUT6(init="11111111111111111111...]
Compiling architecture lut6_v of entity unisim.LUT6 [\LUT6(init="11111110101011100000...]
Compiling architecture lut6_v of entity unisim.LUT6 [\LUT6(init="11111111111111111111...]
Compiling architecture lut6_v of entity unisim.LUT6 [\LUT6(init="00000000000000000000...]
Compiling architecture lut6_v of entity unisim.LUT6 [\LUT6(init="01000111011101110100...]
Compiling architecture lut6_v of entity unisim.LUT6 [\LUT6(init="10111000100010001011...]
Compiling architecture lut5_v of entity unisim.LUT5 [\LUT5(init="10111010101110111010...]
Compiling architecture lut6_v of entity unisim.LUT6 [\LUT6(init="10111000100010001011...]
Compiling architecture lut6_v of entity unisim.LUT6 [\LUT6(init="10101010101010101010...]
Compiling architecture lut6_v of entity unisim.LUT6 [\LUT6(init="01010101010101010101...]
Compiling architecture lut6_v of entity unisim.LUT6 [\LUT6(init="11101010111111111110...]
Compiling architecture lut2_v of entity unisim.LUT2 [\LUT2(init="1011")(0,3)\]
Compiling architecture lut6_v of entity unisim.LUT6 [\LUT6(init="00000000000000010101...]
Compiling architecture lut6_v of entity unisim.LUT6 [\LUT6(init="11111111111111111111...]
Compiling architecture lut3_v of entity unisim.LUT3 [\LUT3(init="00000010")(0,7)\]
Compiling architecture lut4_v of entity unisim.LUT4 [\LUT4(init="0000000000000010")(0...]
Compiling architecture lut6_v of entity unisim.LUT6 [\LUT6(init="00000000000000000000...]
Compiling architecture lut5_v of entity unisim.LUT5 [\LUT5(init="01010100010100000000...]
Compiling architecture lut5_v of entity unisim.LUT5 [\LUT5(init="11101110111010101010...]
Compiling architecture lut6_v of entity unisim.LUT6 [\LUT6(init="01010101010101010101...]
Compiling architecture lut6_v of entity unisim.LUT6 [\LUT6(init="11111111111111110000...]
Compiling architecture lut5_v of entity unisim.LUT5 [\LUT5(init="00000100111101111111...]
Compiling architecture lut5_v of entity unisim.LUT5 [\LUT5(init="11100000111111111110...]
Compiling architecture lut6_v of entity unisim.LUT6 [\LUT6(init="01000100111111110000...]
Compiling architecture lut5_v of entity unisim.LUT5 [\LUT5(init="10101011101110111010...]
Compiling architecture lut6_v of entity unisim.LUT6 [\LUT6(init="10101011101010111010...]
Compiling architecture lut6_v of entity unisim.LUT6 [\LUT6(init="11111111010001111111...]
Compiling architecture lut6_v of entity unisim.LUT6 [\LUT6(init="00001010000010100010...]
Compiling architecture lut6_v of entity unisim.LUT6 [\LUT6(init="01000101011101011111...]
Compiling architecture lut6_v of entity unisim.LUT6 [\LUT6(init="11111111111111111111...]
Compiling architecture lut6_v of entity unisim.LUT6 [\LUT6(init="10101010000000000000...]
Compiling architecture lut6_v of entity unisim.LUT6 [\LUT6(init="00000100111101110000...]
Compiling architecture lut6_v of entity unisim.LUT6 [\LUT6(init="00001010001000100000...]
Compiling architecture lut6_v of entity unisim.LUT6 [\LUT6(init="01000100010001110100...]
Compiling architecture lut6_v of entity unisim.LUT6 [\LUT6(init="11111111111111111111...]
Compiling architecture lut6_v of entity unisim.LUT6 [\LUT6(init="01000111000000000000...]
Compiling architecture lut6_v of entity unisim.LUT6 [\LUT6(init="10100000101000001100...]
Compiling architecture lut5_v of entity unisim.LUT5 [\LUT5(init="00000010101000101010...]
Compiling architecture lut5_v of entity unisim.LUT5 [\LUT5(init="00000000001010001010...]
Compiling architecture lut6_v of entity unisim.LUT6 [\LUT6(init="10100000110011001010...]
Compiling architecture lut4_v of entity unisim.LUT4 [\LUT4(init="0000001010100010")(0...]
Compiling architecture lut6_v of entity unisim.LUT6 [\LUT6(init="00000010000000101010...]
Compiling architecture lut6_v of entity unisim.LUT6 [\LUT6(init="00001010000010100000...]
Compiling architecture lut6_v of entity unisim.LUT6 [\LUT6(init="00000100111101111111...]
Compiling architecture lut6_v of entity unisim.LUT6 [\LUT6(init="00000000000000000000...]
Compiling architecture lut6_v of entity unisim.LUT6 [\LUT6(init="00000010000000101010...]
Compiling architecture lut6_v of entity unisim.LUT6 [\LUT6(init="10111011101111111111...]
Compiling architecture lut5_v of entity unisim.LUT5 [\LUT5(init="11111011000010000000...]
Compiling architecture lut4_v of entity unisim.LUT4 [\LUT4(init="0100110101000100")(0...]
Compiling architecture lut4_v of entity unisim.LUT4 [\LUT4(init="1001000000001001")(0...]
Compiling architecture lut6_v of entity unisim.LUT6 [\LUT6(init="00000001000000010000...]
Compiling architecture lut4_v of entity unisim.LUT4 [\LUT4(init="0000010011110111")(0...]
Compiling architecture lut6_v of entity unisim.LUT6 [\LUT6(init="01010101010110011111...]
Compiling architecture lut3_v of entity unisim.LUT3 [\LUT3(init="10101000")(0,7)\]
Compiling architecture lut5_v of entity unisim.LUT5 [\LUT5(init="00000000000000000000...]
Compiling architecture lut4_v of entity unisim.LUT4 [\LUT4(init="0000000100011111")(0...]
Compiling architecture lut4_v of entity unisim.LUT4 [\LUT4(init="0000011001100000")(0...]
Compiling architecture lut4_v of entity unisim.LUT4 [\LUT4(init="1111100010000000")(0...]
Compiling architecture lut6_v of entity unisim.LUT6 [\LUT6(init="00001101000011010000...]
Compiling architecture lut6_v of entity unisim.LUT6 [\LUT6(init="11010000000000001101...]
Compiling architecture lut6_v of entity unisim.LUT6 [\LUT6(init="11010000110111011101...]
Compiling architecture lut6_v of entity unisim.LUT6 [\LUT6(init="10101010100010101000...]
Compiling architecture lut6_v of entity unisim.LUT6 [\LUT6(init="00000000000000000000...]
Compiling architecture lut6_v of entity unisim.LUT6 [\LUT6(init="00001101000000001101...]
Compiling architecture lut6_v of entity unisim.LUT6 [\LUT6(init="11010001110111011111...]
Compiling architecture lut5_v of entity unisim.LUT5 [\LUT5(init="10101100110010101010...]
Compiling architecture lut6_v of entity unisim.LUT6 [\LUT6(init="00000000111011111111...]
Compiling architecture lut6_v of entity unisim.LUT6 [\LUT6(init="11111011000010000000...]
Compiling architecture lut6_v of entity unisim.LUT6 [\LUT6(init="11111111111111111110...]
Compiling architecture lut6_v of entity unisim.LUT6 [\LUT6(init="11111111111111110000...]
Compiling architecture lut6_v of entity unisim.LUT6 [\LUT6(init="00000100111101111111...]
Compiling architecture lut5_v of entity unisim.LUT5 [\LUT5(init="00000000000000001111...]
Compiling architecture lut5_v of entity unisim.LUT5 [\LUT5(init="11111111111111011111...]
Compiling architecture lut3_v of entity unisim.LUT3 [\LUT3(init="00000100")(0,7)\]
Compiling architecture lut6_v of entity unisim.LUT6 [\LUT6(init="00000110000000000000...]
Compiling architecture lut5_v of entity unisim.LUT5 [\LUT5(init="11111111111100011111...]
Compiling architecture lut6_v of entity unisim.LUT6 [\LUT6(init="01100000011001100110...]
Compiling architecture lut4_v of entity unisim.LUT4 [\LUT4(init="0010101100100010")(0...]
Compiling architecture lut4_v of entity unisim.LUT4 [\LUT4(init="0010111100000010")(0...]
Compiling architecture lut6_v of entity unisim.LUT6 [\LUT6(init="00000000000000000000...]
Compiling architecture lut6_v of entity unisim.LUT6 [\LUT6(init="00000000000000000000...]
Compiling architecture lut6_v of entity unisim.LUT6 [\LUT6(init="00000000000000000000...]
Compiling architecture lut6_v of entity unisim.LUT6 [\LUT6(init="00001101000000001101...]
Compiling architecture lut6_v of entity unisim.LUT6 [\LUT6(init="11111110111111101111...]
Compiling architecture lut4_v of entity unisim.LUT4 [\LUT4(init="0011011011000110")(0...]
Compiling architecture lut5_v of entity unisim.LUT5 [\LUT5(init="10111000101110111011...]
Compiling architecture lut6_v of entity unisim.LUT6 [\LUT6(init="10101111101000001100...]
Compiling architecture lut6_v of entity unisim.LUT6 [\LUT6(init="10001000101110001011...]
Compiling architecture lut6_v of entity unisim.LUT6 [\LUT6(init="11111111111111111111...]
Compiling architecture lut6_v of entity unisim.LUT6 [\LUT6(init="11111111111111111111...]
Compiling architecture lut6_v of entity unisim.LUT6 [\LUT6(init="11101010111110110000...]
Compiling architecture lut6_v of entity unisim.LUT6 [\LUT6(init="01010101010101010101...]
Compiling architecture lut6_v of entity unisim.LUT6 [\LUT6(init="01010111010101110101...]
Compiling architecture lut6_v of entity unisim.LUT6 [\LUT6(init="00001100000011000000...]
Compiling architecture lut6_v of entity unisim.LUT6 [\LUT6(init="00000000000000000000...]
Compiling architecture lut6_v of entity unisim.LUT6 [\LUT6(init="00000000000000000000...]
Compiling architecture muxf7_v of entity unisim.MUXF7 [muxf7_default]
Compiling architecture lut6_v of entity unisim.LUT6 [\LUT6(init="11111111111111111111...]
Compiling architecture lut6_v of entity unisim.LUT6 [\LUT6(init="11101111111011111110...]
Compiling architecture lut6_v of entity unisim.LUT6 [\LUT6(init="00000000000000000100...]
Compiling architecture lut6_v of entity unisim.LUT6 [\LUT6(init="10101010101010101010...]
Compiling architecture lut6_v of entity unisim.LUT6 [\LUT6(init="00110000000000101111...]
Compiling architecture lut5_v of entity unisim.LUT5 [\LUT5(init="10001010100010001000...]
Compiling architecture lut6_v of entity unisim.LUT6 [\LUT6(init="10101010101010101010...]
Compiling architecture lut6_v of entity unisim.LUT6 [\LUT6(init="10000000000000000111...]
Compiling architecture lut6_v of entity unisim.LUT6 [\LUT6(init="00000000000000000000...]
Compiling architecture lut6_v of entity unisim.LUT6 [\LUT6(init="11111001100110011001...]
Compiling architecture lut6_v of entity unisim.LUT6 [\LUT6(init="10100000101000001100...]
Compiling architecture lut6_v of entity unisim.LUT6 [\LUT6(init="10001100100000001011...]
Compiling architecture lut3_v of entity unisim.LUT3 [\LUT3(init="10010101")(0,7)\]
Compiling architecture lut6_v of entity unisim.LUT6 [\LUT6(init="01101010101010101010...]
Compiling architecture lut6_v of entity unisim.LUT6 [\LUT6(init="00001010110010100000...]
Compiling architecture lut5_v of entity unisim.LUT5 [\LUT5(init="10101010001010001010...]
Compiling architecture lut6_v of entity unisim.LUT6 [\LUT6(init="10000000000000000000...]
Compiling architecture lut3_v of entity unisim.LUT3 [\LUT3(init="01011001")(0,7)\]
Compiling architecture lut4_v of entity unisim.LUT4 [\LUT4(init="0101100110100110")(0...]
Compiling architecture lut5_v of entity unisim.LUT5 [\LUT5(init="10010101010101010101...]
Compiling architecture lut6_v of entity unisim.LUT6 [\LUT6(init="00000000000000000001...]
Compiling architecture lut6_v of entity unisim.LUT6 [\LUT6(init="11101111111111110001...]
Compiling architecture lut6_v of entity unisim.LUT6 [\LUT6(init="11111111111111111111...]
Compiling architecture lut6_v of entity unisim.LUT6 [\LUT6(init="00011111001100000001...]
Compiling architecture lut6_v of entity unisim.LUT6 [\LUT6(init="01000100010001000000...]
Compiling architecture lut5_v of entity unisim.LUT5 [\LUT5(init="11111011101110111011...]
Compiling architecture lut5_v of entity unisim.LUT5 [\LUT5(init="00110000001000100011...]
Compiling architecture lut5_v of entity unisim.LUT5 [\LUT5(init="00000000000000000000...]
Compiling architecture lut6_v of entity unisim.LUT6 [\LUT6(init="11111111111111111000...]
Compiling architecture lut6_v of entity unisim.LUT6 [\LUT6(init="00100000001100000010...]
Compiling architecture lut6_v of entity unisim.LUT6 [\LUT6(init="11001000110010001100...]
Compiling architecture lut6_v of entity unisim.LUT6 [\LUT6(init="00000000000000000000...]
Compiling architecture lut6_v of entity unisim.LUT6 [\LUT6(init="11111011101110111011...]
Compiling architecture lut6_v of entity unisim.LUT6 [\LUT6(init="01011111110011110000...]
Compiling architecture lut5_v of entity unisim.LUT5 [\LUT5(init="00000110111101100000...]
Compiling architecture lut3_v of entity unisim.LUT3 [\LUT3(init="01101001")(0,7)\]
Compiling architecture lut4_v of entity unisim.LUT4 [\LUT4(init="0110101010010101")(0...]
Compiling architecture lut3_v of entity unisim.LUT3 [\LUT3(init="10010110")(0,7)\]
Compiling architecture lut5_v of entity unisim.LUT5 [\LUT5(init="11110111000010000000...]
Compiling architecture lut4_v of entity unisim.LUT4 [\LUT4(init="0111100010000111")(0...]
Compiling architecture lut4_v of entity unisim.LUT4 [\LUT4(init="1111111111110100")(0...]
Compiling architecture lut3_v of entity unisim.LUT3 [\LUT3(init="01101010")(0,7)\]
Compiling architecture lut4_v of entity unisim.LUT4 [\LUT4(init="0110101010101010")(0...]
Compiling architecture lut6_v of entity unisim.LUT6 [\LUT6(init="11111111111101000000...]
Compiling architecture lut5_v of entity unisim.LUT5 [\LUT5(init="00001011111101001111...]
Compiling architecture lut6_v of entity unisim.LUT6 [\LUT6(init="11111111111111111111...]
Compiling architecture dsp48e1_v of entity unisim.DSP48E1 [\DSP48E1(acascreg=0,alumodereg=0...]
Compiling architecture dsp48e1_v of entity unisim.DSP48E1 [\DSP48E1(acascreg=0,alumodereg=0...]
Compiling architecture lut5_v of entity unisim.LUT5 [\LUT5(init="00000000000000001000...]
Compiling architecture lut5_v of entity unisim.LUT5 [\LUT5(init="10001000101110001011...]
Compiling architecture lut5_v of entity unisim.LUT5 [\LUT5(init="00000000000000000001...]
Compiling architecture lut4_v of entity unisim.LUT4 [\LUT4(init="1111010000000000")(0...]
Compiling architecture lut5_v of entity unisim.LUT5 [\LUT5(init="11111111000000001011...]
Compiling architecture lut3_v of entity unisim.LUT3 [\LUT3(init="00100000")(0,7)\]
Compiling architecture lut5_v of entity unisim.LUT5 [\LUT5(init="11111111000000000001...]
Compiling architecture lut5_v of entity unisim.LUT5 [\LUT5(init="00000000000000001000...]
Compiling architecture lut5_v of entity unisim.LUT5 [\LUT5(init="10001000100010001100...]
Compiling architecture lut5_v of entity unisim.LUT5 [\LUT5(init="11111111111111111011...]
Compiling architecture lut6_v of entity unisim.LUT6 [\LUT6(init="11111111111100111111...]
Compiling architecture lut6_v of entity unisim.LUT6 [\LUT6(init="00000000000000000000...]
Compiling architecture lut5_v of entity unisim.LUT5 [\LUT5(init="11111111111000011110...]
Compiling architecture lut5_v of entity unisim.LUT5 [\LUT5(init="00000000000000000000...]
Compiling architecture lut6_v of entity unisim.LUT6 [\LUT6(init="11111111111111111111...]
Compiling architecture lut4_v of entity unisim.LUT4 [\LUT4(init="0000000011010001")(0...]
Compiling architecture lut3_v of entity unisim.LUT3 [\LUT3(init="11010010")(0,7)\]
Compiling architecture lut6_v of entity unisim.LUT6 [\LUT6(init="11100010111111111111...]
Compiling architecture lut3_v of entity unisim.LUT3 [\LUT3(init="11111011")(0,7)\]
Compiling architecture lut6_v of entity unisim.LUT6 [\LUT6(init="11111111111111111111...]
Compiling architecture lut6_v of entity unisim.LUT6 [\LUT6(init="01010101010101010101...]
Compiling architecture lut4_v of entity unisim.LUT4 [\LUT4(init="1011111101010000")(0...]
Compiling architecture lut6_v of entity unisim.LUT6 [\LUT6(init="11101110111011101111...]
Compiling architecture lut4_v of entity unisim.LUT4 [\LUT4(init="1010101010011010")(0...]
Compiling architecture lut5_v of entity unisim.LUT5 [\LUT5(init="11111110111111111010...]
Compiling architecture lut4_v of entity unisim.LUT4 [\LUT4(init="0100000010111111")(0...]
Compiling architecture lut6_v of entity unisim.LUT6 [\LUT6(init="10111011101010111011...]
Compiling architecture lut6_v of entity unisim.LUT6 [\LUT6(init="00000000000000000000...]
Compiling architecture lut3_v of entity unisim.LUT3 [\LUT3(init="01000000")(0,7)\]
Compiling architecture lut6_v of entity unisim.LUT6 [\LUT6(init="00000000000000010000...]
Compiling architecture lut3_v of entity unisim.LUT3 [\LUT3(init="00010000")(0,7)\]
Compiling architecture lut4_v of entity unisim.LUT4 [\LUT4(init="0101001101011111")(0...]
Compiling architecture lut4_v of entity unisim.LUT4 [\LUT4(init="0101010110010101")(0...]
Compiling architecture lut5_v of entity unisim.LUT5 [\LUT5(init="11111111010001111111...]
Compiling architecture lut5_v of entity unisim.LUT5 [\LUT5(init="11111111000000001011...]
Compiling architecture lut6_v of entity unisim.LUT6 [\LUT6(init="00000000000000000000...]
Compiling architecture lut6_v of entity unisim.LUT6 [\LUT6(init="10101010101010101010...]
Compiling architecture lut6_v of entity unisim.LUT6 [\LUT6(init="00000000000000000000...]
Compiling architecture lut6_v of entity unisim.LUT6 [\LUT6(init="11100010001000101110...]
Compiling architecture lut5_v of entity unisim.LUT5 [\LUT5(init="01000100000001000000...]
Compiling architecture lut6_v of entity unisim.LUT6 [\LUT6(init="00000000000000000000...]
Compiling architecture lut5_v of entity unisim.LUT5 [\LUT5(init="00000000000000000111...]
Compiling architecture lut3_v of entity unisim.LUT3 [\LUT3(init="10111010")(0,7)\]
Compiling architecture lut5_v of entity unisim.LUT5 [\LUT5(init="00000000000000000010...]
Compiling architecture lut6_v of entity unisim.LUT6 [\LUT6(init="00000000000000000000...]
Compiling architecture lut3_v of entity unisim.LUT3 [\LUT3(init="00001011")(0,7)\]
Compiling architecture lut6_v of entity unisim.LUT6 [\LUT6(init="11011000100010001111...]
Compiling architecture lut6_v of entity unisim.LUT6 [\LUT6(init="11111111111111111111...]
Compiling architecture lut5_v of entity unisim.LUT5 [\LUT5(init="11111111111111110000...]
Compiling architecture lut3_v of entity unisim.LUT3 [\LUT3(init="11101010")(0,7)\]
Compiling architecture lut4_v of entity unisim.LUT4 [\LUT4(init="0000000000001001")(0...]
Compiling architecture lut6_v of entity unisim.LUT6 [\LUT6(init="11111111111111111111...]
Compiling architecture lut6_v of entity unisim.LUT6 [\LUT6(init="10100000000000001010...]
Compiling architecture lut5_v of entity unisim.LUT5 [\LUT5(init="11110000111111100001...]
Compiling architecture lut6_v of entity unisim.LUT6 [\LUT6(init="00000000000000001111...]
Compiling architecture lut6_v of entity unisim.LUT6 [\LUT6(init="10110011100000001011...]
Compiling architecture lut6_v of entity unisim.LUT6 [\LUT6(init="11101110111000001110...]
Compiling architecture lut6_v of entity unisim.LUT6 [\LUT6(init="00000000000000000000...]
Compiling architecture lut5_v of entity unisim.LUT5 [\LUT5(init="11111111111100011111...]
Compiling architecture lut5_v of entity unisim.LUT5 [\LUT5(init="11011101100110011001...]
Compiling architecture lut6_v of entity unisim.LUT6 [\LUT6(init="11101110111111100000...]
Compiling architecture lut6_v of entity unisim.LUT6 [\LUT6(init="00000000000000001110...]
Compiling architecture lut4_v of entity unisim.LUT4 [\LUT4(init="1011111101000000")(0...]
Compiling architecture lut4_v of entity unisim.LUT4 [\LUT4(init="1111111011111111")(0...]
Compiling architecture lut5_v of entity unisim.LUT5 [\LUT5(init="01010101010101011100...]
Compiling architecture lut6_v of entity unisim.LUT6 [\LUT6(init="10111011101110111011...]
Compiling architecture lut6_v of entity unisim.LUT6 [\LUT6(init="01000111111111110100...]
Compiling architecture lut6_v of entity unisim.LUT6 [\LUT6(init="00000000000000000000...]
Compiling architecture lut6_v of entity unisim.LUT6 [\LUT6(init="11111111111111111111...]
Compiling architecture lut5_v of entity unisim.LUT5 [\LUT5(init="10001000101110111000...]
Compiling architecture lut5_v of entity unisim.LUT5 [\LUT5(init="11111111111111111111...]
Compiling architecture lut4_v of entity unisim.LUT4 [\LUT4(init="1111111111111110")(0...]
Compiling architecture lut6_v of entity unisim.LUT6 [\LUT6(init="00000000000000000000...]
Compiling architecture lut5_v of entity unisim.LUT5 [\LUT5(init="11111111111111101111...]
Compiling architecture lut6_v of entity unisim.LUT6 [\LUT6(init="10101010000000111111...]
Compiling architecture lut6_v of entity unisim.LUT6 [\LUT6(init="00101110001011100010...]
Compiling architecture lut5_v of entity unisim.LUT5 [\LUT5(init="10001000100010001011...]
Compiling architecture lut6_v of entity unisim.LUT6 [\LUT6(init="11101111101010101010...]
Compiling architecture lut5_v of entity unisim.LUT5 [\LUT5(init="10101010101010101010...]
Compiling architecture lut6_v of entity unisim.LUT6 [\LUT6(init="10111000101110111011...]
Compiling architecture lut4_v of entity unisim.LUT4 [\LUT4(init="1111111111111101")(0...]
Compiling architecture lut6_v of entity unisim.LUT6 [\LUT6(init="01010101010100010101...]
Compiling architecture lut6_v of entity unisim.LUT6 [\LUT6(init="11111111111111111111...]
Compiling architecture lut6_v of entity unisim.LUT6 [\LUT6(init="10111011100010111000...]
Compiling architecture lut5_v of entity unisim.LUT5 [\LUT5(init="10000000100010001010...]
Compiling architecture lut6_v of entity unisim.LUT6 [\LUT6(init="11111111111111111011...]
Compiling architecture lut5_v of entity unisim.LUT5 [\LUT5(init="00000000000000001010...]
Compiling architecture lut5_v of entity unisim.LUT5 [\LUT5(init="00000000000000001011...]
Compiling architecture lut6_v of entity unisim.LUT6 [\LUT6(init="00000000000000000000...]
Compiling architecture lut6_v of entity unisim.LUT6 [\LUT6(init="00000000101110110000...]
Compiling architecture lut6_v of entity unisim.LUT6 [\LUT6(init="00000000000000000000...]
Compiling architecture lut6_v of entity unisim.LUT6 [\LUT6(init="10111011000000000000...]
Compiling architecture lut6_v of entity unisim.LUT6 [\LUT6(init="10001000101010101001...]
Compiling architecture lut6_v of entity unisim.LUT6 [\LUT6(init="10111000111111111011...]
Compiling architecture lut5_v of entity unisim.LUT5 [\LUT5(init="00000000000000000000...]
Compiling architecture lut6_v of entity unisim.LUT6 [\LUT6(init="00000000000000000000...]
Compiling architecture lut6_v of entity unisim.LUT6 [\LUT6(init="11111010111010101111...]
Compiling architecture lut5_v of entity unisim.LUT5 [\LUT5(init="00000000000001110000...]
Compiling architecture lut5_v of entity unisim.LUT5 [\LUT5(init="11111111111111110000...]
Compiling architecture lut3_v of entity unisim.LUT3 [\LUT3(init="00011111")(0,7)\]
Compiling architecture lut6_v of entity unisim.LUT6 [\LUT6(init="10101011111110111111...]
Compiling architecture lut6_v of entity unisim.LUT6 [\LUT6(init="10101010101010101010...]
Compiling architecture lut3_v of entity unisim.LUT3 [\LUT3(init="11111110")(0,7)\]
Compiling architecture lut6_v of entity unisim.LUT6 [\LUT6(init="11111010111110101010...]
Compiling architecture lut5_v of entity unisim.LUT5 [\LUT5(init="00110000101110110011...]
Compiling architecture lut3_v of entity unisim.LUT3 [\LUT3(init="00000001")(0,7)\]
Compiling architecture lut5_v of entity unisim.LUT5 [\LUT5(init="11110110111101110000...]
Compiling architecture lut6_v of entity unisim.LUT6 [\LUT6(init="00000000101110001111...]
Compiling architecture lut6_v of entity unisim.LUT6 [\LUT6(init="00000000000000000000...]
Compiling architecture lut4_v of entity unisim.LUT4 [\LUT4(init="0000000011100010")(0...]
Compiling architecture lut6_v of entity unisim.LUT6 [\LUT6(init="11111111111111111111...]
Compiling architecture lut5_v of entity unisim.LUT5 [\LUT5(init="00110000101010100000...]
Compiling architecture lut5_v of entity unisim.LUT5 [\LUT5(init="00000000000000000001...]
Compiling architecture lut6_v of entity unisim.LUT6 [\LUT6(init="11101010111110100000...]
Compiling architecture lut4_v of entity unisim.LUT4 [\LUT4(init="0000000011010000")(0...]
Compiling architecture lut6_v of entity unisim.LUT6 [\LUT6(init="10111011100010001011...]
Compiling architecture lut6_v of entity unisim.LUT6 [\LUT6(init="11101010111010101110...]
Compiling architecture lut3_v of entity unisim.LUT3 [\LUT3(init="01000111")(0,7)\]
Compiling architecture lut6_v of entity unisim.LUT6 [\LUT6(init="00000000000000000000...]
Compiling architecture lut5_v of entity unisim.LUT5 [\LUT5(init="10101010101010101010...]
Compiling architecture lut4_v of entity unisim.LUT4 [\LUT4(init="1110111111101110")(0...]
Compiling architecture lut4_v of entity unisim.LUT4 [\LUT4(init="1111000010110100")(0...]
Compiling architecture lut3_v of entity unisim.LUT3 [\LUT3(init="10001011")(0,7)\]
Compiling architecture lut6_v of entity unisim.LUT6 [\LUT6(init="11111111111111111111...]
Compiling architecture lut6_v of entity unisim.LUT6 [\LUT6(init="01111101000000001111...]
Compiling architecture lut3_v of entity unisim.LUT3 [\LUT3(init="01011100")(0,7)\]
Compiling architecture lut6_v of entity unisim.LUT6 [\LUT6(init="10111111101110111011...]
Compiling architecture lut6_v of entity unisim.LUT6 [\LUT6(init="11111111101110001111...]
Compiling architecture lut5_v of entity unisim.LUT5 [\LUT5(init="01010101010000000101...]
Compiling architecture lut6_v of entity unisim.LUT6 [\LUT6(init="10101010101010101000...]
Compiling architecture lut6_v of entity unisim.LUT6 [\LUT6(init="11110100111101001111...]
Compiling architecture lut6_v of entity unisim.LUT6 [\LUT6(init="00000000000000000101...]
Compiling architecture lut6_v of entity unisim.LUT6 [\LUT6(init="01001111010001000100...]
Compiling architecture lut5_v of entity unisim.LUT5 [\LUT5(init="00000000000000000000...]
Compiling architecture lut4_v of entity unisim.LUT4 [\LUT4(init="0000000001110000")(0...]
Compiling architecture lut4_v of entity unisim.LUT4 [\LUT4(init="1111111010101110")(0...]
Compiling architecture lut6_v of entity unisim.LUT6 [\LUT6(init="00000000000000000000...]
Compiling architecture lut6_v of entity unisim.LUT6 [\LUT6(init="11111111111000100000...]
Compiling architecture lut6_v of entity unisim.LUT6 [\LUT6(init="11110001111111110101...]
Compiling architecture lut5_v of entity unisim.LUT5 [\LUT5(init="00001101000011010000...]
Compiling architecture lut6_v of entity unisim.LUT6 [\LUT6(init="00010000111111101110...]
Compiling architecture lut3_v of entity unisim.LUT3 [\LUT3(init="01010100")(0,7)\]
Compiling architecture lut5_v of entity unisim.LUT5 [\LUT5(init="01000101010000001111...]
Compiling architecture lut3_v of entity unisim.LUT3 [\LUT3(init="10111101")(0,7)\]
Compiling architecture lut5_v of entity unisim.LUT5 [\LUT5(init="10101010101010001010...]
Compiling architecture lut3_v of entity unisim.LUT3 [\LUT3(init="10001010")(0,7)\]
Compiling architecture lut6_v of entity unisim.LUT6 [\LUT6(init="11111110111111101111...]
Compiling architecture lut6_v of entity unisim.LUT6 [\LUT6(init="11101100001000001111...]
Compiling architecture lut6_v of entity unisim.LUT6 [\LUT6(init="11111111111111110000...]
Compiling architecture lut6_v of entity unisim.LUT6 [\LUT6(init="10101010101010101010...]
Compiling architecture lut4_v of entity unisim.LUT4 [\LUT4(init="1111000011110001")(0...]
Compiling architecture lut5_v of entity unisim.LUT5 [\LUT5(init="11011111010111111100...]
Compiling architecture lut5_v of entity unisim.LUT5 [\LUT5(init="11110001111100011111...]
Compiling architecture lut6_v of entity unisim.LUT6 [\LUT6(init="11110000111100001111...]
Compiling architecture lut6_v of entity unisim.LUT6 [\LUT6(init="00000000000000000000...]
Compiling architecture lut5_v of entity unisim.LUT5 [\LUT5(init="00000000000000001111...]
Compiling architecture lut5_v of entity unisim.LUT5 [\LUT5(init="00000000000000001110...]
Compiling architecture lut6_v of entity unisim.LUT6 [\LUT6(init="11111111000000001110...]
Compiling architecture lut5_v of entity unisim.LUT5 [\LUT5(init="11111111010011110100...]
Compiling architecture lut6_v of entity unisim.LUT6 [\LUT6(init="00000000000000000000...]
Compiling architecture lut5_v of entity unisim.LUT5 [\LUT5(init="11110111011101111111...]
Compiling architecture lut6_v of entity unisim.LUT6 [\LUT6(init="10100000101000000000...]
Compiling architecture lut6_v of entity unisim.LUT6 [\LUT6(init="01010000010100000000...]
Compiling architecture lut6_v of entity unisim.LUT6 [\LUT6(init="11101110111011101110...]
Compiling architecture lut5_v of entity unisim.LUT5 [\LUT5(init="00000000000000001101...]
Compiling architecture lut5_v of entity unisim.LUT5 [\LUT5(init="11111111111111111111...]
Compiling architecture lut6_v of entity unisim.LUT6 [\LUT6(init="00000000000000000000...]
Compiling architecture lut5_v of entity unisim.LUT5 [\LUT5(init="00000000000000000000...]
Compiling architecture lut6_v of entity unisim.LUT6 [\LUT6(init="11110100111111110100...]
Compiling architecture lut6_v of entity unisim.LUT6 [\LUT6(init="11011101110111011101...]
Compiling architecture lut6_v of entity unisim.LUT6 [\LUT6(init="11111010111111111111...]
Compiling architecture lut5_v of entity unisim.LUT5 [\LUT5(init="00000001000000000000...]
Compiling architecture lut4_v of entity unisim.LUT4 [\LUT4(init="1111111011111101")(0...]
Compiling architecture lut6_v of entity unisim.LUT6 [\LUT6(init="11111100110011011111...]
Compiling architecture lut6_v of entity unisim.LUT6 [\LUT6(init="00000000000010100000...]
Compiling architecture lut6_v of entity unisim.LUT6 [\LUT6(init="10001000100010001000...]
Compiling architecture lut6_v of entity unisim.LUT6 [\LUT6(init="11111110111111101111...]
Compiling architecture lut6_v of entity unisim.LUT6 [\LUT6(init="10001000100010001000...]
Compiling architecture lut5_v of entity unisim.LUT5 [\LUT5(init="11111111111111001111...]
Compiling architecture lut5_v of entity unisim.LUT5 [\LUT5(init="00000100000011110000...]
Compiling architecture lut5_v of entity unisim.LUT5 [\LUT5(init="11111111111101001111...]
Compiling architecture lut6_v of entity unisim.LUT6 [\LUT6(init="11111110111111111111...]
Compiling architecture lut6_v of entity unisim.LUT6 [\LUT6(init="11111111111111111111...]
Compiling architecture lut6_v of entity unisim.LUT6 [\LUT6(init="00000000101111110000...]
Compiling architecture lut6_v of entity unisim.LUT6 [\LUT6(init="11111111111111001100...]
Compiling architecture lut6_v of entity unisim.LUT6 [\LUT6(init="00000000101011110000...]
Compiling architecture lut6_v of entity unisim.LUT6 [\LUT6(init="10101111000000000001...]
Compiling architecture lut6_v of entity unisim.LUT6 [\LUT6(init="10000000100010001000...]
Compiling architecture lut5_v of entity unisim.LUT5 [\LUT5(init="11110101111101010000...]
Compiling architecture lut6_v of entity unisim.LUT6 [\LUT6(init="11111111111111111111...]
Compiling architecture lut6_v of entity unisim.LUT6 [\LUT6(init="00000000000000000000...]
Compiling architecture lut6_v of entity unisim.LUT6 [\LUT6(init="11111111111111110000...]
Compiling architecture lut6_v of entity unisim.LUT6 [\LUT6(init="11111111010001110000...]
Compiling architecture lut6_v of entity unisim.LUT6 [\LUT6(init="00001011000010001111...]
Compiling architecture lut5_v of entity unisim.LUT5 [\LUT5(init="11111111111110111111...]
Compiling architecture lut6_v of entity unisim.LUT6 [\LUT6(init="11110100111101111111...]
Compiling architecture lut5_v of entity unisim.LUT5 [\LUT5(init="11111101110111011111...]
Compiling architecture lut5_v of entity unisim.LUT5 [\LUT5(init="11001111010001001100...]
Compiling architecture lut5_v of entity unisim.LUT5 [\LUT5(init="11110000111111110101...]
Compiling architecture lut4_v of entity unisim.LUT4 [\LUT4(init="1111111111100111")(0...]
Compiling architecture lut6_v of entity unisim.LUT6 [\LUT6(init="01000100010001010100...]
Compiling architecture lut5_v of entity unisim.LUT5 [\LUT5(init="11111100111111011111...]
Compiling architecture lut4_v of entity unisim.LUT4 [\LUT4(init="1111110011111101")(0...]
Compiling architecture lut6_v of entity unisim.LUT6 [\LUT6(init="01110111011101110100...]
Compiling architecture lut6_v of entity unisim.LUT6 [\LUT6(init="11111111111111110000...]
Compiling architecture lut6_v of entity unisim.LUT6 [\LUT6(init="10101010000011001111...]
Compiling architecture lut6_v of entity unisim.LUT6 [\LUT6(init="11111111111110001111...]
Compiling architecture lut6_v of entity unisim.LUT6 [\LUT6(init="11111111111111111111...]
Compiling architecture lut6_v of entity unisim.LUT6 [\LUT6(init="11111111010001111111...]
Compiling architecture lut6_v of entity unisim.LUT6 [\LUT6(init="11101111111010111110...]
Compiling architecture lut6_v of entity unisim.LUT6 [\LUT6(init="11111111010001111111...]
Compiling architecture lut6_v of entity unisim.LUT6 [\LUT6(init="11111111111111111111...]
Compiling architecture lut6_v of entity unisim.LUT6 [\LUT6(init="11111111111111111111...]
Compiling architecture lut6_v of entity unisim.LUT6 [\LUT6(init="11001101111111011111...]
Compiling architecture lut4_v of entity unisim.LUT4 [\LUT4(init="1111101111110111")(0...]
Compiling architecture lut6_v of entity unisim.LUT6 [\LUT6(init="11010101110101011101...]
Compiling architecture lut4_v of entity unisim.LUT4 [\LUT4(init="1111011111101111")(0...]
Compiling architecture lut6_v of entity unisim.LUT6 [\LUT6(init="11111111110011001100...]
Compiling architecture lut4_v of entity unisim.LUT4 [\LUT4(init="1011111110110000")(0...]
Compiling architecture lut6_v of entity unisim.LUT6 [\LUT6(init="11111111111111111111...]
Compiling architecture lut5_v of entity unisim.LUT5 [\LUT5(init="00001000000011110000...]
Compiling architecture lut6_v of entity unisim.LUT6 [\LUT6(init="11111111111111111100...]
Compiling architecture lut4_v of entity unisim.LUT4 [\LUT4(init="1111111100011101")(0...]
Compiling architecture lut3_v of entity unisim.LUT3 [\LUT3(init="00000111")(0,7)\]
Compiling architecture lut5_v of entity unisim.LUT5 [\LUT5(init="10111000111111111011...]
Compiling architecture lut6_v of entity unisim.LUT6 [\LUT6(init="11111011101010111010...]
Compiling architecture lut5_v of entity unisim.LUT5 [\LUT5(init="11111111000100000001...]
Compiling architecture lut6_v of entity unisim.LUT6 [\LUT6(init="11101110111000100010...]
Compiling architecture lut6_v of entity unisim.LUT6 [\LUT6(init="00000000000000000000...]
Compiling architecture lut6_v of entity unisim.LUT6 [\LUT6(init="11111111110100010000...]
Compiling architecture lut6_v of entity unisim.LUT6 [\LUT6(init="11111000111111111111...]
Compiling architecture lut5_v of entity unisim.LUT5 [\LUT5(init="11111111111010101110...]
Compiling architecture lut6_v of entity unisim.LUT6 [\LUT6(init="11101110001011100010...]
Compiling architecture lut6_v of entity unisim.LUT6 [\LUT6(init="11010101110101011101...]
Compiling architecture lut6_v of entity unisim.LUT6 [\LUT6(init="11010000110111011101...]
Compiling architecture lut6_v of entity unisim.LUT6 [\LUT6(init="00000000000000000000...]
Compiling architecture lut6_v of entity unisim.LUT6 [\LUT6(init="00000000000000000000...]
Compiling architecture lut5_v of entity unisim.LUT5 [\LUT5(init="00000000000000000000...]
Compiling architecture lut3_v of entity unisim.LUT3 [\LUT3(init="11101111")(0,7)\]
Compiling architecture lut6_v of entity unisim.LUT6 [\LUT6(init="11111000111110001111...]
Compiling architecture lut6_v of entity unisim.LUT6 [\LUT6(init="11111110111111110000...]
Compiling architecture lut6_v of entity unisim.LUT6 [\LUT6(init="11111111111111111111...]
Compiling architecture lut5_v of entity unisim.LUT5 [\LUT5(init="11110000100010000000...]
Compiling architecture lut4_v of entity unisim.LUT4 [\LUT4(init="0000000010111000")(0...]
Compiling architecture lut5_v of entity unisim.LUT5 [\LUT5(init="00000000001110110000...]
Compiling architecture lut5_v of entity unisim.LUT5 [\LUT5(init="11001100000111011111...]
Compiling architecture lut5_v of entity unisim.LUT5 [\LUT5(init="11110101111101010011...]
Compiling architecture lut6_v of entity unisim.LUT6 [\LUT6(init="00000000000000000000...]
Compiling architecture lut5_v of entity unisim.LUT5 [\LUT5(init="10101000101000000000...]
Compiling architecture lut6_v of entity unisim.LUT6 [\LUT6(init="00000000000000000000...]
Compiling architecture lut4_v of entity unisim.LUT4 [\LUT4(init="0000001100000010")(0...]
Compiling architecture lut3_v of entity unisim.LUT3 [\LUT3(init="11011111")(0,7)\]
Compiling architecture lut6_v of entity unisim.LUT6 [\LUT6(init="00010001000100010001...]
Compiling architecture lut5_v of entity unisim.LUT5 [\LUT5(init="00000000111100001010...]
Compiling architecture lut6_v of entity unisim.LUT6 [\LUT6(init="00111011001110001111...]
Compiling architecture lut4_v of entity unisim.LUT4 [\LUT4(init="0000000001000000")(0...]
Compiling architecture lut5_v of entity unisim.LUT5 [\LUT5(init="10100010100000001000...]
Compiling architecture lut4_v of entity unisim.LUT4 [\LUT4(init="1111010011110111")(0...]
Compiling architecture lut4_v of entity unisim.LUT4 [\LUT4(init="1111111101000111")(0...]
Compiling architecture lut4_v of entity unisim.LUT4 [\LUT4(init="1010101111111011")(0...]
Compiling architecture lut5_v of entity unisim.LUT5 [\LUT5(init="11111101111111011111...]
Compiling architecture lut6_v of entity unisim.LUT6 [\LUT6(init="11110001111111011111...]
Compiling architecture lut6_v of entity unisim.LUT6 [\LUT6(init="11111111111100001111...]
Compiling architecture lut4_v of entity unisim.LUT4 [\LUT4(init="1111111100110101")(0...]
Compiling architecture lut6_v of entity unisim.LUT6 [\LUT6(init="11111111111111111111...]
Compiling architecture lut6_v of entity unisim.LUT6 [\LUT6(init="11111111111111111111...]
Compiling architecture lut6_v of entity unisim.LUT6 [\LUT6(init="11010000110111011111...]
Compiling architecture lut6_v of entity unisim.LUT6 [\LUT6(init="11111111111111110000...]
Compiling architecture lut5_v of entity unisim.LUT5 [\LUT5(init="10001000100010111011...]
Compiling architecture lut6_v of entity unisim.LUT6 [\LUT6(init="00110000001000101111...]
Compiling architecture lut6_v of entity unisim.LUT6 [\LUT6(init="00111111001100000101...]
Compiling architecture lut4_v of entity unisim.LUT4 [\LUT4(init="0011101100111000")(0...]
Compiling architecture lut3_v of entity unisim.LUT3 [\LUT3(init="01110100")(0,7)\]
Compiling architecture lut6_v of entity unisim.LUT6 [\LUT6(init="01011111010100000011...]
Compiling architecture lut6_v of entity unisim.LUT6 [\LUT6(init="11110000001000101111...]
Compiling architecture lut6_v of entity unisim.LUT6 [\LUT6(init="10101111101000001010...]
Compiling architecture lut6_v of entity unisim.LUT6 [\LUT6(init="10111111101100001010...]
Compiling architecture lut6_v of entity unisim.LUT6 [\LUT6(init="00000000000000000000...]
Compiling architecture lut5_v of entity unisim.LUT5 [\LUT5(init="10001010100000001000...]
Compiling architecture lut6_v of entity unisim.LUT6 [\LUT6(init="00101111001000001111...]
Compiling architecture lut5_v of entity unisim.LUT5 [\LUT5(init="11000000101000001100...]
Compiling architecture lut6_v of entity unisim.LUT6 [\LUT6(init="11110000111100001111...]
Compiling architecture lut5_v of entity unisim.LUT5 [\LUT5(init="11001101111111111100...]
Compiling architecture lut6_v of entity unisim.LUT6 [\LUT6(init="11010001110100011101...]
Compiling architecture lut5_v of entity unisim.LUT5 [\LUT5(init="00000000000000001110...]
Compiling architecture lut4_v of entity unisim.LUT4 [\LUT4(init="1101000011010011")(0...]
Compiling architecture lut6_v of entity unisim.LUT6 [\LUT6(init="10101111111011111010...]
Compiling architecture lut6_v of entity unisim.LUT6 [\LUT6(init="00000000000000000000...]
Compiling architecture lut6_v of entity unisim.LUT6 [\LUT6(init="00110011001100001011...]
Compiling architecture lut4_v of entity unisim.LUT4 [\LUT4(init="1100010011000111")(0...]
Compiling architecture lut6_v of entity unisim.LUT6 [\LUT6(init="00011111000000000001...]
Compiling architecture lut6_v of entity unisim.LUT6 [\LUT6(init="01000100010001000100...]
Compiling architecture lut4_v of entity unisim.LUT4 [\LUT4(init="0001000100010111")(0...]
Compiling architecture lut4_v of entity unisim.LUT4 [\LUT4(init="1000100010001100")(0...]
Compiling architecture lut4_v of entity unisim.LUT4 [\LUT4(init="0000001000101111")(0...]
Compiling architecture lut6_v of entity unisim.LUT6 [\LUT6(init="10110000000000001111...]
Compiling architecture lut4_v of entity unisim.LUT4 [\LUT4(init="0110000000000110")(0...]
Compiling architecture lut6_v of entity unisim.LUT6 [\LUT6(init="00111011001110110011...]
Compiling architecture lut6_v of entity unisim.LUT6 [\LUT6(init="00000010000000000000...]
Compiling architecture lut5_v of entity unisim.LUT5 [\LUT5(init="00000000000000000000...]
Compiling architecture lut6_v of entity unisim.LUT6 [\LUT6(init="01010101010101010101...]
Compiling architecture lut6_v of entity unisim.LUT6 [\LUT6(init="01010101010101010000...]
Compiling architecture lut5_v of entity unisim.LUT5 [\LUT5(init="00000000000000001011...]
Compiling architecture lut6_v of entity unisim.LUT6 [\LUT6(init="00000000000000000000...]
Compiling architecture lut6_v of entity unisim.LUT6 [\LUT6(init="00000000101111110000...]
Compiling architecture lut4_v of entity unisim.LUT4 [\LUT4(init="1110100010001000")(0...]
Compiling architecture lut5_v of entity unisim.LUT5 [\LUT5(init="00010000000000000100...]
Compiling architecture lut6_v of entity unisim.LUT6 [\LUT6(init="00000000000000000001...]
Compiling architecture lut4_v of entity unisim.LUT4 [\LUT4(init="1111001000100000")(0...]
Compiling architecture lut4_v of entity unisim.LUT4 [\LUT4(init="0010001000000011")(0...]
Compiling architecture lut3_v of entity unisim.LUT3 [\LUT3(init="01110000")(0,7)\]
Compiling architecture lut4_v of entity unisim.LUT4 [\LUT4(init="0111111101110000")(0...]
Compiling architecture lut5_v of entity unisim.LUT5 [\LUT5(init="11101110101011101010...]
Compiling architecture structure of entity xil_defaultlib.Multiplikation [multiplikation_default]
Compiling architecture fdre_v of entity unisim.FDRE [fdre_default]
Compiling architecture fdre_v of entity unisim.FDRE [\FDRE(init='1')\]
Compiling architecture lut4_v of entity unisim.LUT4 [\LUT4(init="0000000000000100")(0...]
Compiling architecture lut6_v of entity unisim.LUT6 [\LUT6(init="11111111111111111111...]
Compiling architecture lut6_v of entity unisim.LUT6 [\LUT6(init="11001101111111010000...]
Compiling architecture lut6_v of entity unisim.LUT6 [\LUT6(init="11111111111100001111...]
Compiling architecture lut6_v of entity unisim.LUT6 [\LUT6(init="11111111110011001111...]
Compiling architecture lut6_v of entity unisim.LUT6 [\LUT6(init="00110000001100001010...]
Compiling architecture lut6_v of entity unisim.LUT6 [\LUT6(init="11011101110111011101...]
Compiling architecture lut6_v of entity unisim.LUT6 [\LUT6(init="00000000000000000000...]
Compiling architecture lut6_v of entity unisim.LUT6 [\LUT6(init="11111100111111011111...]
Compiling architecture lut6_v of entity unisim.LUT6 [\LUT6(init="11111111111111111111...]
Compiling architecture lut4_v of entity unisim.LUT4 [\LUT4(init="1010101110111010")(0...]
Compiling architecture lut4_v of entity unisim.LUT4 [\LUT4(init="0111111111111111")(0...]
Compiling architecture lut6_v of entity unisim.LUT6 [\LUT6(init="10111010101010101010...]
Compiling architecture lut6_v of entity unisim.LUT6 [\LUT6(init="10101010101010101010...]
Compiling architecture lut5_v of entity unisim.LUT5 [\LUT5(init="11111111111100011111...]
Compiling architecture lut6_v of entity unisim.LUT6 [\LUT6(init="11101110001000101110...]
Compiling architecture lut6_v of entity unisim.LUT6 [\LUT6(init="11111111111111111111...]
Compiling architecture lut5_v of entity unisim.LUT5 [\LUT5(init="00000000000000001000...]
Compiling architecture lut5_v of entity unisim.LUT5 [\LUT5(init="10001000100010001000...]
Compiling architecture lut6_v of entity unisim.LUT6 [\LUT6(init="00101111001011001111...]
Compiling architecture lut6_v of entity unisim.LUT6 [\LUT6(init="10100010000000101111...]
Compiling architecture lut4_v of entity unisim.LUT4 [\LUT4(init="0110100110011001")(0...]
Compiling architecture lut4_v of entity unisim.LUT4 [\LUT4(init="1000011101111000")(0...]
Compiling architecture structure of entity xil_defaultlib.bitToFloat [bittofloat_default]
Compiling architecture lut6_v of entity unisim.LUT6 [\LUT6(init="01000100010001000100...]
Compiling architecture lut6_v of entity unisim.LUT6 [\LUT6(init="00000000111111110000...]
Compiling architecture lut4_v of entity unisim.LUT4 [\LUT4(init="1111111101010111")(0...]
Compiling architecture lut6_v of entity unisim.LUT6 [\LUT6(init="01000000010001000100...]
Compiling architecture lut6_v of entity unisim.LUT6 [\LUT6(init="01000100010011110100...]
Compiling architecture lut6_v of entity unisim.LUT6 [\LUT6(init="00100001110011110010...]
Compiling architecture lut6_v of entity unisim.LUT6 [\LUT6(init="11110001111100011111...]
Compiling architecture lut6_v of entity unisim.LUT6 [\LUT6(init="10101010000000001010...]
Compiling architecture lut5_v of entity unisim.LUT5 [\LUT5(init="11110111111111111111...]
Compiling architecture lut6_v of entity unisim.LUT6 [\LUT6(init="00000000100000000000...]
Compiling architecture lut3_v of entity unisim.LUT3 [\LUT3(init="10000111")(0,7)\]
Compiling architecture lut6_v of entity unisim.LUT6 [\LUT6(init="00111111111111110011...]
Compiling architecture lut6_v of entity unisim.LUT6 [\LUT6(init="10000000011111111000...]
Compiling architecture lut6_v of entity unisim.LUT6 [\LUT6(init="01000000010000110100...]
Compiling architecture lut6_v of entity unisim.LUT6 [\LUT6(init="11111111111111110000...]
Compiling architecture lut6_v of entity unisim.LUT6 [\LUT6(init="11110001000011011111...]
Compiling architecture lut5_v of entity unisim.LUT5 [\LUT5(init="11110000011110000000...]
Compiling architecture lut6_v of entity unisim.LUT6 [\LUT6(init="11111111111111111111...]
Compiling architecture lut6_v of entity unisim.LUT6 [\LUT6(init="11111111111111110111...]
Compiling architecture lut6_v of entity unisim.LUT6 [\LUT6(init="10101010101010001000...]
Compiling architecture lut5_v of entity unisim.LUT5 [\LUT5(init="00001111011001100000...]
Compiling architecture lut6_v of entity unisim.LUT6 [\LUT6(init="01001111010001000100...]
Compiling architecture lut6_v of entity unisim.LUT6 [\LUT6(init="00000000000000000000...]
Compiling architecture lut6_v of entity unisim.LUT6 [\LUT6(init="00000000111111110110...]
Compiling architecture lut4_v of entity unisim.LUT4 [\LUT4(init="1001010101010101")(0...]
Compiling architecture lut5_v of entity unisim.LUT5 [\LUT5(init="11111110000000010000...]
Compiling architecture lut4_v of entity unisim.LUT4 [\LUT4(init="1010100101010110")(0...]
Compiling architecture lut6_v of entity unisim.LUT6 [\LUT6(init="00000000000000000000...]
Compiling architecture lut6_v of entity unisim.LUT6 [\LUT6(init="00000000000000000101...]
Compiling architecture lut6_v of entity unisim.LUT6 [\LUT6(init="10111010101111111010...]
Compiling architecture lut6_v of entity unisim.LUT6 [\LUT6(init="00101111001000000000...]
Compiling architecture lut6_v of entity unisim.LUT6 [\LUT6(init="10111011010010111000...]
Compiling architecture lut6_v of entity unisim.LUT6 [\LUT6(init="10001111100011111000...]
Compiling architecture lut6_v of entity unisim.LUT6 [\LUT6(init="00000000000000000000...]
Compiling architecture lut6_v of entity unisim.LUT6 [\LUT6(init="11101110000011100000...]
Compiling architecture lut6_v of entity unisim.LUT6 [\LUT6(init="01110111100001110100...]
Compiling architecture lut6_v of entity unisim.LUT6 [\LUT6(init="00000000000000000001...]
Compiling architecture lut6_v of entity unisim.LUT6 [\LUT6(init="11100000111011100000...]
Compiling architecture lut6_v of entity unisim.LUT6 [\LUT6(init="10010101010101010101...]
Compiling architecture lut3_v of entity unisim.LUT3 [\LUT3(init="01100101")(0,7)\]
Compiling architecture lut5_v of entity unisim.LUT5 [\LUT5(init="01111000111100001000...]
Compiling architecture lut6_v of entity unisim.LUT6 [\LUT6(init="00000100000001000000...]
Compiling architecture lut6_v of entity unisim.LUT6 [\LUT6(init="10001011111111111000...]
Compiling architecture lut6_v of entity unisim.LUT6 [\LUT6(init="00000000000000010001...]
Compiling architecture lut5_v of entity unisim.LUT5 [\LUT5(init="00001001000010000000...]
Compiling architecture lut4_v of entity unisim.LUT4 [\LUT4(init="0000010011111011")(0...]
Compiling architecture lut5_v of entity unisim.LUT5 [\LUT5(init="11111111000000000000...]
Compiling architecture lut4_v of entity unisim.LUT4 [\LUT4(init="0001010101000000")(0...]
Compiling architecture lut6_v of entity unisim.LUT6 [\LUT6(init="11111111111111111111...]
Compiling architecture lut5_v of entity unisim.LUT5 [\LUT5(init="00000000000000001111...]
Compiling architecture lut6_v of entity unisim.LUT6 [\LUT6(init="11101111000100001110...]
Compiling architecture lut6_v of entity unisim.LUT6 [\LUT6(init="11101110111011111111...]
Compiling architecture lut6_v of entity unisim.LUT6 [\LUT6(init="00010000000111110000...]
Compiling architecture lut6_v of entity unisim.LUT6 [\LUT6(init="11111111111111111111...]
Compiling architecture lut5_v of entity unisim.LUT5 [\LUT5(init="11111111111111100000...]
Compiling architecture lut6_v of entity unisim.LUT6 [\LUT6(init="00000000000000000000...]
Compiling architecture lut6_v of entity unisim.LUT6 [\LUT6(init="00100000110111110010...]
Compiling architecture lut6_v of entity unisim.LUT6 [\LUT6(init="10100010000000101010...]
Compiling architecture lut6_v of entity unisim.LUT6 [\LUT6(init="11111111111111111111...]
Compiling architecture lut6_v of entity unisim.LUT6 [\LUT6(init="10101011101110101111...]
Compiling architecture lut6_v of entity unisim.LUT6 [\LUT6(init="11111110000000011111...]
Compiling architecture lut6_v of entity unisim.LUT6 [\LUT6(init="11111111101000001100...]
Compiling architecture lut6_v of entity unisim.LUT6 [\LUT6(init="00001101000000001101...]
Compiling architecture lut4_v of entity unisim.LUT4 [\LUT4(init="1110000100011110")(0...]
Compiling architecture dsp48e1_v of entity unisim.DSP48E1 [\DSP48E1(acascreg=0,alumodereg=0...]
Compiling architecture lut4_v of entity unisim.LUT4 [\LUT4(init="1000111110000000")(0...]
Compiling architecture lut6_v of entity unisim.LUT6 [\LUT6(init="10101010101011110000...]
Compiling architecture lut6_v of entity unisim.LUT6 [\LUT6(init="10101000000000001111...]
Compiling architecture lut5_v of entity unisim.LUT5 [\LUT5(init="00000000000000100010...]
Compiling architecture lut4_v of entity unisim.LUT4 [\LUT4(init="1111100000000000")(0...]
Compiling architecture lut6_v of entity unisim.LUT6 [\LUT6(init="00000000000000000000...]
Compiling architecture lut6_v of entity unisim.LUT6 [\LUT6(init="00000000000000000000...]
Compiling architecture lut6_v of entity unisim.LUT6 [\LUT6(init="11111111111111111111...]
Compiling architecture lut4_v of entity unisim.LUT4 [\LUT4(init="0100000010101111")(0...]
Compiling architecture lut6_v of entity unisim.LUT6 [\LUT6(init="11111000111110001111...]
Compiling architecture lut6_v of entity unisim.LUT6 [\LUT6(init="10111011101110111011...]
Compiling architecture lut6_v of entity unisim.LUT6 [\LUT6(init="00000000000000000000...]
Compiling architecture lut4_v of entity unisim.LUT4 [\LUT4(init="0011011100000000")(0...]
Compiling architecture lut6_v of entity unisim.LUT6 [\LUT6(init="00000000000000000000...]
Compiling architecture lut5_v of entity unisim.LUT5 [\LUT5(init="00000000000000000000...]
Compiling architecture lut6_v of entity unisim.LUT6 [\LUT6(init="10110011100000001111...]
Compiling architecture lut6_v of entity unisim.LUT6 [\LUT6(init="11111111111111111111...]
Compiling architecture lut6_v of entity unisim.LUT6 [\LUT6(init="00010001000000010000...]
Compiling architecture lut6_v of entity unisim.LUT6 [\LUT6(init="00000001111100011111...]
Compiling architecture lut5_v of entity unisim.LUT5 [\LUT5(init="11111111111111111110...]
Compiling architecture lut6_v of entity unisim.LUT6 [\LUT6(init="01000100010001000100...]
Compiling architecture lut5_v of entity unisim.LUT5 [\LUT5(init="00000000000000000000...]
Compiling architecture lut6_v of entity unisim.LUT6 [\LUT6(init="00001111000011110100...]
Compiling architecture lut3_v of entity unisim.LUT3 [\LUT3(init="10001111")(0,7)\]
Compiling architecture lut5_v of entity unisim.LUT5 [\LUT5(init="11111111000000001111...]
Compiling architecture lut6_v of entity unisim.LUT6 [\LUT6(init="11100010001000101111...]
Compiling architecture lut6_v of entity unisim.LUT6 [\LUT6(init="00000000000000000000...]
Compiling architecture lut5_v of entity unisim.LUT5 [\LUT5(init="01000101111111110100...]
Compiling architecture lut5_v of entity unisim.LUT5 [\LUT5(init="11111111100000000000...]
Compiling architecture lut5_v of entity unisim.LUT5 [\LUT5(init="01111111111111110100...]
Compiling architecture lut6_v of entity unisim.LUT6 [\LUT6(init="11111111000000001011...]
Compiling architecture lut5_v of entity unisim.LUT5 [\LUT5(init="11101111111111111111...]
Compiling architecture lut5_v of entity unisim.LUT5 [\LUT5(init="00000000110100010000...]
Compiling architecture lut5_v of entity unisim.LUT5 [\LUT5(init="11011101010101111101...]
Compiling architecture lut6_v of entity unisim.LUT6 [\LUT6(init="10101011101010101101...]
Compiling architecture lut6_v of entity unisim.LUT6 [\LUT6(init="10111000111111111011...]
Compiling architecture lut6_v of entity unisim.LUT6 [\LUT6(init="00011101110111010000...]
Compiling architecture lut5_v of entity unisim.LUT5 [\LUT5(init="00000100010001000000...]
Compiling architecture lut6_v of entity unisim.LUT6 [\LUT6(init="11111111011101110000...]
Compiling architecture lut5_v of entity unisim.LUT5 [\LUT5(init="00111111011111110011...]
Compiling architecture lut6_v of entity unisim.LUT6 [\LUT6(init="10111011101110001000...]
Compiling architecture lut4_v of entity unisim.LUT4 [\LUT4(init="1111100000011111")(0...]
Compiling architecture lut6_v of entity unisim.LUT6 [\LUT6(init="11111111111111110000...]
Compiling architecture lut6_v of entity unisim.LUT6 [\LUT6(init="00110000001100000010...]
Compiling architecture lut6_v of entity unisim.LUT6 [\LUT6(init="10101010111010101010...]
Compiling architecture lut6_v of entity unisim.LUT6 [\LUT6(init="11111111111111111111...]
Compiling architecture lut5_v of entity unisim.LUT5 [\LUT5(init="01000100010001001111...]
Compiling architecture lut3_v of entity unisim.LUT3 [\LUT3(init="11110111")(0,7)\]
Compiling architecture lut6_v of entity unisim.LUT6 [\LUT6(init="11111111111111111111...]
Compiling architecture lut5_v of entity unisim.LUT5 [\LUT5(init="11111111111111111111...]
Compiling architecture lut5_v of entity unisim.LUT5 [\LUT5(init="10001011101110111000...]
Compiling architecture lut3_v of entity unisim.LUT3 [\LUT3(init="01000101")(0,7)\]
Compiling architecture lut5_v of entity unisim.LUT5 [\LUT5(init="00000000101110001111...]
Compiling architecture lut6_v of entity unisim.LUT6 [\LUT6(init="00100010001000100010...]
Compiling architecture lut5_v of entity unisim.LUT5 [\LUT5(init="10101010101000100010...]
Compiling architecture lut6_v of entity unisim.LUT6 [\LUT6(init="01010001010100010000...]
Compiling architecture lut4_v of entity unisim.LUT4 [\LUT4(init="0000000100000000")(0...]
Compiling architecture lut6_v of entity unisim.LUT6 [\LUT6(init="00000000100000001000...]
Compiling architecture lut6_v of entity unisim.LUT6 [\LUT6(init="01010100010101000101...]
Compiling architecture lut5_v of entity unisim.LUT5 [\LUT5(init="00100010111100101111...]
Compiling architecture lut4_v of entity unisim.LUT4 [\LUT4(init="0000000111111110")(0...]
Compiling architecture lut6_v of entity unisim.LUT6 [\LUT6(init="01010101010101010101...]
Compiling architecture lut6_v of entity unisim.LUT6 [\LUT6(init="11111010111010100000...]
Compiling architecture lut6_v of entity unisim.LUT6 [\LUT6(init="00000000000000000000...]
Compiling architecture lut6_v of entity unisim.LUT6 [\LUT6(init="11111111111111111111...]
Compiling architecture lut6_v of entity unisim.LUT6 [\LUT6(init="11110100111111111111...]
Compiling architecture lut3_v of entity unisim.LUT3 [\LUT3(init="00001101")(0,7)\]
Compiling architecture lut6_v of entity unisim.LUT6 [\LUT6(init="10001000100010001000...]
Compiling architecture lut6_v of entity unisim.LUT6 [\LUT6(init="11111111111111111111...]
Compiling architecture lut6_v of entity unisim.LUT6 [\LUT6(init="01101010101001100110...]
Compiling architecture lut6_v of entity unisim.LUT6 [\LUT6(init="11111111111111111111...]
Compiling architecture lut4_v of entity unisim.LUT4 [\LUT4(init="1010001000000010")(0...]
Compiling architecture lut6_v of entity unisim.LUT6 [\LUT6(init="01110111111101110111...]
Compiling architecture lut6_v of entity unisim.LUT6 [\LUT6(init="00000000000000000000...]
Compiling architecture lut6_v of entity unisim.LUT6 [\LUT6(init="00000000000000000000...]
Compiling architecture lut6_v of entity unisim.LUT6 [\LUT6(init="00000000000000001111...]
Compiling architecture lut6_v of entity unisim.LUT6 [\LUT6(init="10101011101010111010...]
Compiling architecture lut5_v of entity unisim.LUT5 [\LUT5(init="10001111100010001111...]
Compiling architecture lut3_v of entity unisim.LUT3 [\LUT3(init="10111110")(0,7)\]
Compiling architecture lut6_v of entity unisim.LUT6 [\LUT6(init="10101010101010101011...]
Compiling architecture lut6_v of entity unisim.LUT6 [\LUT6(init="01101010101001101111...]
Compiling architecture lut6_v of entity unisim.LUT6 [\LUT6(init="01010000010000000100...]
Compiling architecture lut6_v of entity unisim.LUT6 [\LUT6(init="00110011000000000010...]
Compiling architecture lut4_v of entity unisim.LUT4 [\LUT4(init="0100000000000000")(0...]
Compiling architecture lut4_v of entity unisim.LUT4 [\LUT4(init="1111111101000000")(0...]
Compiling architecture lut5_v of entity unisim.LUT5 [\LUT5(init="00000000000000000000...]
Compiling architecture lut5_v of entity unisim.LUT5 [\LUT5(init="11111111111111111111...]
Compiling architecture lut5_v of entity unisim.LUT5 [\LUT5(init="11001100111111110100...]
Compiling architecture lut5_v of entity unisim.LUT5 [\LUT5(init="10101010101010101000...]
Compiling architecture lut5_v of entity unisim.LUT5 [\LUT5(init="11111000111111111111...]
Compiling architecture lut6_v of entity unisim.LUT6 [\LUT6(init="11111110111111101111...]
Compiling architecture lut6_v of entity unisim.LUT6 [\LUT6(init="00000001000000010000...]
Compiling architecture lut4_v of entity unisim.LUT4 [\LUT4(init="0000000000010000")(0...]
Compiling architecture lut6_v of entity unisim.LUT6 [\LUT6(init="11010101110101011101...]
Compiling architecture lut6_v of entity unisim.LUT6 [\LUT6(init="11111111010111001111...]
Compiling architecture lut6_v of entity unisim.LUT6 [\LUT6(init="11111100111111001111...]
Compiling architecture lut6_v of entity unisim.LUT6 [\LUT6(init="11100010111000101110...]
Compiling architecture lut6_v of entity unisim.LUT6 [\LUT6(init="10001111101111111000...]
Compiling architecture lut5_v of entity unisim.LUT5 [\LUT5(init="00001111000001000000...]
Compiling architecture lut6_v of entity unisim.LUT6 [\LUT6(init="00000000000000001110...]
Compiling architecture lut5_v of entity unisim.LUT5 [\LUT5(init="11010101110000001111...]
Compiling architecture lut6_v of entity unisim.LUT6 [\LUT6(init="00000000101010000000...]
Compiling architecture lut5_v of entity unisim.LUT5 [\LUT5(init="11111111000011110101...]
Compiling architecture lut6_v of entity unisim.LUT6 [\LUT6(init="10101010101010101111...]
Compiling architecture lut6_v of entity unisim.LUT6 [\LUT6(init="00000000000000001100...]
Compiling architecture lut5_v of entity unisim.LUT5 [\LUT5(init="00010001000100010001...]
Compiling architecture lut4_v of entity unisim.LUT4 [\LUT4(init="1100110111111101")(0...]
Compiling architecture lut5_v of entity unisim.LUT5 [\LUT5(init="10001011100010001000...]
Compiling architecture lut6_v of entity unisim.LUT6 [\LUT6(init="11111111000000001110...]
Compiling architecture lut5_v of entity unisim.LUT5 [\LUT5(init="11001101000000001100...]
Compiling architecture lut4_v of entity unisim.LUT4 [\LUT4(init="0010111100101100")(0...]
Compiling architecture lut6_v of entity unisim.LUT6 [\LUT6(init="00000000000000000000...]
Compiling architecture lut4_v of entity unisim.LUT4 [\LUT4(init="1000100000001000")(0...]
Compiling architecture lut4_v of entity unisim.LUT4 [\LUT4(init="1111000010001000")(0...]
Compiling architecture lut5_v of entity unisim.LUT5 [\LUT5(init="11111111111111110000...]
Compiling architecture lut6_v of entity unisim.LUT6 [\LUT6(init="11111111111111111110...]
Compiling architecture lut6_v of entity unisim.LUT6 [\LUT6(init="01000100010000000100...]
Compiling architecture lut6_v of entity unisim.LUT6 [\LUT6(init="00111011001110110011...]
Compiling architecture lut6_v of entity unisim.LUT6 [\LUT6(init="00000001000000010000...]
Compiling architecture lut6_v of entity unisim.LUT6 [\LUT6(init="11111111111111111111...]
Compiling architecture lut4_v of entity unisim.LUT4 [\LUT4(init="0100011100000000")(0...]
Compiling architecture structure of entity xil_defaultlib.Multiplikation_0 [multiplikation_0_default]
Compiling architecture lut6_v of entity unisim.LUT6 [\LUT6(init="00000000000000000000...]
Compiling architecture lut5_v of entity unisim.LUT5 [\LUT5(init="01010100010101000000...]
Compiling architecture lut6_v of entity unisim.LUT6 [\LUT6(init="11111111000100000001...]
Compiling architecture lut6_v of entity unisim.LUT6 [\LUT6(init="01010000010111110011...]
Compiling architecture lut4_v of entity unisim.LUT4 [\LUT4(init="1000100010111000")(0...]
Compiling architecture lut4_v of entity unisim.LUT4 [\LUT4(init="0010111100100000")(0...]
Compiling architecture lut6_v of entity unisim.LUT6 [\LUT6(init="10000000100000001000...]
Compiling architecture lut6_v of entity unisim.LUT6 [\LUT6(init="11110001111100011111...]
Compiling architecture lut6_v of entity unisim.LUT6 [\LUT6(init="01000100111101000100...]
Compiling architecture lut5_v of entity unisim.LUT5 [\LUT5(init="11110000011000001111...]
Compiling architecture lut6_v of entity unisim.LUT6 [\LUT6(init="11110000111100001001...]
Compiling architecture lut6_v of entity unisim.LUT6 [\LUT6(init="00000000111111111110...]
Compiling architecture lut6_v of entity unisim.LUT6 [\LUT6(init="00000000000000000000...]
Compiling architecture lut5_v of entity unisim.LUT5 [\LUT5(init="10000010100010101000...]
Compiling architecture lut6_v of entity unisim.LUT6 [\LUT6(init="01000100010011110100...]
Compiling architecture lut6_v of entity unisim.LUT6 [\LUT6(init="11111111111111111111...]
Compiling architecture lut3_v of entity unisim.LUT3 [\LUT3(init="10000000")(0,7)\]
Compiling architecture lut6_v of entity unisim.LUT6 [\LUT6(init="00000000000000000000...]
Compiling architecture lut6_v of entity unisim.LUT6 [\LUT6(init="11111111000000000001...]
Compiling architecture lut5_v of entity unisim.LUT5 [\LUT5(init="00000000000001000000...]
Compiling architecture lut4_v of entity unisim.LUT4 [\LUT4(init="0000000000001110")(0...]
Compiling architecture lut5_v of entity unisim.LUT5 [\LUT5(init="11111111111111111111...]
Compiling architecture lut6_v of entity unisim.LUT6 [\LUT6(init="01010111111101111111...]
Compiling architecture lut5_v of entity unisim.LUT5 [\LUT5(init="11111111000000000100...]
Compiling architecture lut6_v of entity unisim.LUT6 [\LUT6(init="10111000101110001011...]
Compiling architecture lut5_v of entity unisim.LUT5 [\LUT5(init="11111100010101011111...]
Compiling architecture lut4_v of entity unisim.LUT4 [\LUT4(init="1000100011101000")(0...]
Compiling architecture lut4_v of entity unisim.LUT4 [\LUT4(init="0001000101110001")(0...]
Compiling architecture lut6_v of entity unisim.LUT6 [\LUT6(init="11111110101011101010...]
Compiling architecture structure of entity xil_defaultlib.bitToFloat_1 [bittofloat_1_default]
Compiling architecture bufg_v of entity unisim.BUFG [bufg_default]
Compiling architecture lut6_v of entity unisim.LUT6 [\LUT6(init="10011111000000000000...]
Compiling architecture lut6_v of entity unisim.LUT6 [\LUT6(init="10101111001111111010...]
Compiling architecture lut6_v of entity unisim.LUT6 [\LUT6(init="00001010001000100000...]
Compiling architecture lut6_v of entity unisim.LUT6 [\LUT6(init="11111111111101001111...]
Compiling architecture lut6_v of entity unisim.LUT6 [\LUT6(init="01000100010001110000...]
Compiling architecture lut6_v of entity unisim.LUT6 [\LUT6(init="00000000000000001010...]
Compiling architecture lut6_v of entity unisim.LUT6 [\LUT6(init="10001010000000001000...]
Compiling architecture lut5_v of entity unisim.LUT5 [\LUT5(init="10111010101111111010...]
Compiling architecture lut6_v of entity unisim.LUT6 [\LUT6(init="00000010101000101010...]
Compiling architecture lut6_v of entity unisim.LUT6 [\LUT6(init="00001010100010000000...]
Compiling architecture lut6_v of entity unisim.LUT6 [\LUT6(init="00010001000100010001...]
Compiling architecture lut6_v of entity unisim.LUT6 [\LUT6(init="10111000111111110000...]
Compiling architecture lut6_v of entity unisim.LUT6 [\LUT6(init="10111011101110111011...]
Compiling architecture lut6_v of entity unisim.LUT6 [\LUT6(init="10001101111111111111...]
Compiling architecture structure of entity xil_defaultlib.Multiplikation_2 [multiplikation_2_default]
Compiling architecture lut6_v of entity unisim.LUT6 [\LUT6(init="10001000100010001000...]
Compiling architecture lut5_v of entity unisim.LUT5 [\LUT5(init="11111111000000001000...]
Compiling architecture lut6_v of entity unisim.LUT6 [\LUT6(init="10001011100010111000...]
Compiling architecture lut5_v of entity unisim.LUT5 [\LUT5(init="11111111111100111010...]
Compiling architecture lut6_v of entity unisim.LUT6 [\LUT6(init="11111100111111001101...]
Compiling architecture lut5_v of entity unisim.LUT5 [\LUT5(init="11011101110100011101...]
Compiling architecture lut6_v of entity unisim.LUT6 [\LUT6(init="11111111111111111111...]
Compiling architecture lut6_v of entity unisim.LUT6 [\LUT6(init="11010000110111110000...]
Compiling architecture lut4_v of entity unisim.LUT4 [\LUT4(init="1010111110101100")(0...]
Compiling architecture structure of entity xil_defaultlib.bitToFloat_3 [bittofloat_3_default]
Compiling architecture obuft_v of entity unisim.OBUFT [\OBUFT(1,9)(1,7)(1,4)\]
Compiling architecture lut4_v of entity unisim.LUT4 [\LUT4(init="0000111101110111")(0...]
Compiling architecture lut6_v of entity unisim.LUT6 [\LUT6(init="10000111111111111000...]
Compiling architecture lut6_v of entity unisim.LUT6 [\LUT6(init="11101110111111111110...]
Compiling architecture lut5_v of entity unisim.LUT5 [\LUT5(init="00000000111101111110...]
Compiling architecture lut5_v of entity unisim.LUT5 [\LUT5(init="00000000111011111111...]
Compiling architecture lut6_v of entity unisim.LUT6 [\LUT6(init="11101110101011101110...]
Compiling architecture lut5_v of entity unisim.LUT5 [\LUT5(init="11111111111111111111...]
Compiling architecture lut6_v of entity unisim.LUT6 [\LUT6(init="11101111111111111111...]
Compiling architecture lut5_v of entity unisim.LUT5 [\LUT5(init="11110111000111111111...]
Compiling architecture lut5_v of entity unisim.LUT5 [\LUT5(init="10101010101010101010...]
Compiling architecture lut6_v of entity unisim.LUT6 [\LUT6(init="10101010101010101010...]
Compiling architecture lut6_v of entity unisim.LUT6 [\LUT6(init="11111111000100000001...]
Compiling architecture lut5_v of entity unisim.LUT5 [\LUT5(init="00000000000100010000...]
Compiling architecture lut5_v of entity unisim.LUT5 [\LUT5(init="00000000000000000000...]
Compiling architecture lut4_v of entity unisim.LUT4 [\LUT4(init="1111111111111000")(0...]
Compiling architecture lut6_v of entity unisim.LUT6 [\LUT6(init="00000000000000000000...]
Compiling architecture lut5_v of entity unisim.LUT5 [\LUT5(init="00000000000000000000...]
Compiling architecture lut6_v of entity unisim.LUT6 [\LUT6(init="00000000111110000000...]
Compiling architecture lut4_v of entity unisim.LUT4 [\LUT4(init="1111100000000111")(0...]
Compiling architecture lut5_v of entity unisim.LUT5 [\LUT5(init="11111111110010000000...]
Compiling architecture lut5_v of entity unisim.LUT5 [\LUT5(init="01100010000000001111...]
Compiling architecture lut6_v of entity unisim.LUT6 [\LUT6(init="00000000000000000000...]
Compiling architecture lut5_v of entity unisim.LUT5 [\LUT5(init="00100000111111110010...]
Compiling architecture lut3_v of entity unisim.LUT3 [\LUT3(init="00110111")(0,7)\]
Compiling architecture lut4_v of entity unisim.LUT4 [\LUT4(init="1111000010000000")(0...]
Compiling architecture lut6_v of entity unisim.LUT6 [\LUT6(init="10111011100010000000...]
Compiling architecture lut6_v of entity unisim.LUT6 [\LUT6(init="00000100000001000000...]
Compiling architecture lut6_v of entity unisim.LUT6 [\LUT6(init="01110111011101110000...]
Compiling architecture lut6_v of entity unisim.LUT6 [\LUT6(init="11111111111111111111...]
Compiling architecture lut6_v of entity unisim.LUT6 [\LUT6(init="00000000000000000000...]
Compiling architecture lut6_v of entity unisim.LUT6 [\LUT6(init="00001011111111111111...]
Compiling architecture lut6_v of entity unisim.LUT6 [\LUT6(init="11111111111111111111...]
Compiling architecture lut4_v of entity unisim.LUT4 [\LUT4(init="1111111110101110")(0...]
Compiling architecture lut6_v of entity unisim.LUT6 [\LUT6(init="11111111111111110101...]
Compiling architecture lut4_v of entity unisim.LUT4 [\LUT4(init="0111000001111111")(0...]
Compiling architecture lut4_v of entity unisim.LUT4 [\LUT4(init="0101001111110011")(0...]
Compiling architecture obuf_v of entity unisim.OBUF [\OBUF(1,9)(1,7)(1,4)\]
Compiling architecture lut6_v of entity unisim.LUT6 [\LUT6(init="10101010101010100011...]
Compiling architecture lut6_v of entity unisim.LUT6 [\LUT6(init="01110100011101110100...]
Compiling architecture lut5_v of entity unisim.LUT5 [\LUT5(init="01000101011101011011...]
Compiling architecture lut5_v of entity unisim.LUT5 [\LUT5(init="01010101011001011010...]
Compiling architecture lut5_v of entity unisim.LUT5 [\LUT5(init="10101010100110100101...]
Compiling architecture lut5_v of entity unisim.LUT5 [\LUT5(init="10111010100010100100...]
Compiling architecture lut4_v of entity unisim.LUT4 [\LUT4(init="0000110001000100")(0...]
Compiling architecture structure of entity xil_defaultlib.pid
Built simulation snapshot PID_func_synth
